<?xml version="1.0" encoding="UTF-8"?>
<!-- Generated by org.testng.reporters.JUnitReportReporter -->
<testsuite skipped="0" hostname="md1tc49c" name="siemens.MyTest" tests="1" failures="0" timestamp="2019-09-26T09:35:14 IST" time="0.007" errors="0">
  <testcase name="FirstTest" time="0.007" classname="siemens.MyTest"/>
</testsuite> <!-- siemens.MyTest -->
